<?xml version="1.0" encoding="UTF-8"?>
<!-- Generated by org.testng.reporters.JUnitReportReporter -->
<testsuite hostname="DESKTOP-FL7P4KD" failures="0" tests="1" name="testCases.LogIn" time="10.280" errors="0" timestamp="2023-08-28T18:51:05 IST" skipped="0">
  <testcase classname="testCases.LogIn" name="LogInUser" time="10.280"/>
</testsuite> <!-- testCases.LogIn -->
