<?xml version="1.0" encoding="UTF-8"?>
<!-- Generated by org.testng.reporters.JUnitReportReporter -->
<testsuite hostname="DESKTOP-FL7P4KD" failures="0" tests="1" name="testCases.RemoveFromCart" time="8.478" errors="0" timestamp="2023-08-28T20:22:35 IST" skipped="0">
  <testcase classname="testCases.RemoveFromCart" name="RemoveItemFromCart" time="8.478"/>
</testsuite> <!-- testCases.RemoveFromCart -->
