<?xml version="1.0" encoding="UTF-8"?>
<!-- Generated by org.testng.reporters.JUnitReportReporter -->
<testsuite hostname="DESKTOP-FL7P4KD" failures="0" tests="1" name="testCases.AddToWishlist" time="16.893" errors="0" timestamp="2023-08-28T19:25:27 IST" skipped="0">
  <testcase classname="testCases.AddToWishlist" name="AddClothToWishlist" time="16.893"/>
</testsuite> <!-- testCases.AddToWishlist -->
