<?xml version="1.0" encoding="UTF-8"?>
<!-- Generated by org.testng.reporters.JUnitReportReporter -->
<testsuite hostname="DESKTOP-FL7P4KD" failures="0" tests="1" name="testCases.AddtoCart" time="10.737" errors="0" timestamp="2023-08-28T19:15:18 IST" skipped="0">
  <testcase classname="testCases.AddtoCart" name="AddBookToCart" time="10.737"/>
</testsuite> <!-- testCases.AddtoCart -->
