<?xml version="1.0" encoding="UTF-8"?>
<!-- Generated by org.testng.reporters.JUnitReportReporter -->
<testsuite hostname="DESKTOP-FL7P4KD" failures="0" tests="1" name="testCases.AddingJwelleryToCart" time="11.844" errors="0" timestamp="2023-08-28T20:16:32 IST" skipped="0">
  <testcase classname="testCases.AddingJwelleryToCart" name="AddingJewlleryToCart" time="11.844"/>
</testsuite> <!-- testCases.AddingJwelleryToCart -->
