<?xml version="1.0" encoding="UTF-8"?>
<!-- Generated by org.testng.reporters.JUnitReportReporter -->
<testsuite hostname="DESKTOP-FL7P4KD" failures="0" tests="1" name="testCases.AddingToCart" time="10.750" errors="0" timestamp="2023-08-28T20:12:16 IST" skipped="0">
  <testcase classname="testCases.AddingToCart" name="AddingGiftToCart" time="10.750"/>
</testsuite> <!-- testCases.AddingToCart -->
