<?xml version="1.0" encoding="UTF-8"?>
<!-- Generated by org.testng.reporters.JUnitReportReporter -->
<testsuite hostname="DESKTOP-FL7P4KD" failures="0" tests="1" name="testCases.SddSoftwareToCart" time="20.791" errors="0" timestamp="2023-08-28T19:36:49 IST" skipped="0">
  <testcase classname="testCases.SddSoftwareToCart" name="AddClothToWishlist" time="20.791"/>
</testsuite> <!-- testCases.SddSoftwareToCart -->
