<?xml version="1.0" encoding="UTF-8"?>
<!-- Generated by org.testng.reporters.JUnitReportReporter -->
<testsuite hostname="DESKTOP-FL7P4KD" failures="0" tests="1" name="testCases.Register" time="12.562" errors="0" timestamp="2023-08-28T18:40:28 IST" skipped="0">
  <testcase classname="testCases.Register" name="RegisterUser" time="12.562"/>
</testsuite> <!-- testCases.Register -->
